c:\users\admin\source\repos\project-oop\project-oop\x64\debug\vc142.pdb
c:\users\admin\source\repos\project-oop\project-oop\x64\debug\vc142.idb
c:\users\admin\source\repos\project-oop\project-oop\x64\debug\menu.obj
c:\users\admin\source\repos\project-oop\project-oop\x64\debug\source.obj
c:\users\admin\source\repos\project-oop\project-oop\x64\debug\productcontroller.obj
c:\users\admin\source\repos\project-oop\project-oop\x64\debug\product.obj
d:\school\thiet ke giai thuat\new branch\products_manager-sub2pewds\project-oop\x64\debug\vc142.pdb
d:\school\thiet ke giai thuat\new branch\products_manager-sub2pewds\project-oop\x64\debug\vc142.idb
d:\school\thiet ke giai thuat\new branch\products_manager-sub2pewds\project-oop\x64\debug\menu.obj
d:\school\thiet ke giai thuat\new branch\products_manager-sub2pewds\project-oop\x64\debug\source.obj
d:\school\thiet ke giai thuat\new branch\products_manager-sub2pewds\project-oop\x64\debug\productcontroller.obj
d:\school\thiet ke giai thuat\new branch\products_manager-sub2pewds\project-oop\x64\debug\product.obj
d:\school\thiet ke giai thuat\new branch\products_manager-sub2pewds\project-oop\x64\debug\helpers.obj
d:\school\thiet ke giai thuat\new branch\products_manager-sub2pewds\x64\debug\project-oop.pdb
d:\school\thiet ke giai thuat\new branch\products_manager-sub2pewds\project-oop\x64\debug\project-oop.tlog\cl.command.1.tlog
d:\school\thiet ke giai thuat\new branch\products_manager-sub2pewds\project-oop\x64\debug\project-oop.tlog\cl.read.1.tlog
d:\school\thiet ke giai thuat\new branch\products_manager-sub2pewds\project-oop\x64\debug\project-oop.tlog\cl.write.1.tlog
d:\school\thiet ke giai thuat\new branch\products_manager-sub2pewds\project-oop\x64\debug\project-oop.tlog\link-cvtres.read.1.tlog
d:\school\thiet ke giai thuat\new branch\products_manager-sub2pewds\project-oop\x64\debug\project-oop.tlog\link-cvtres.write.1.tlog
d:\school\thiet ke giai thuat\new branch\products_manager-sub2pewds\project-oop\x64\debug\project-oop.tlog\link-rc.read.1.tlog
d:\school\thiet ke giai thuat\new branch\products_manager-sub2pewds\project-oop\x64\debug\project-oop.tlog\link-rc.write.1.tlog
d:\school\thiet ke giai thuat\new branch\products_manager-sub2pewds\project-oop\x64\debug\project-oop.tlog\link.command.1.tlog
d:\school\thiet ke giai thuat\new branch\products_manager-sub2pewds\project-oop\x64\debug\project-oop.tlog\link.read.1.tlog
d:\school\thiet ke giai thuat\new branch\products_manager-sub2pewds\project-oop\x64\debug\project-oop.tlog\link.write.1.tlog
